# JRE version: OpenJDK Runtime Environment Temurin-17.0.8+7 (17.0.8+7) (build 17.0.8+7)
# Java VM: OpenJDK 64-Bit Server VM Temurin-17.0.8+7 (17.0.8+7, mixed mode, sharing, tiered, compressed oops, compressed class ptrs, g1 gc, linux-amd64)
GC Precious Log:
 CPUs: 12 total, 12 available
 Memory: 15162M
 Large Page Support: Disabled
 NUMA Support: Disabled
 Compressed Oops: Enabled (Zero based)
 Heap Region Size: 2M
 Heap Min Capacity: 8M
 Heap Initial Capacity: 238M
 Heap Max Capacity: 3792M
 Pre-touch: Disabled
 Parallel Workers: 10
 Concurrent Workers: 3
 Concurrent Refinement Workers: 10
 Periodic GC: Disabled
Heap:
 garbage-first heap   total 247808K, used 127757K [0x0000000713000000, 0x0000000800000000)
  region size 2048K, 56 young (114688K), 9 survivors (18432K)
 Metaspace       used 17066K, committed 17344K, reserved 1114112K
  class space    used 1990K, committed 2112K, reserved 1048576K
GC Heap History (6 events):
Event: 0.329 GC heap before
{Heap before GC invocations=0 (full 0):
 garbage-first heap   total 247808K, used 26600K [0x0000000713000000, 0x0000000800000000)
  region size 2048K, 11 young (22528K), 0 survivors (0K)
 Metaspace       used 2923K, committed 3136K, reserved 1114112K
  class space    used 315K, committed 448K, reserved 1048576K
}
Event: 0.331 GC heap after
{Heap after GC invocations=1 (full 0):
 garbage-first heap   total 247808K, used 10770K [0x0000000713000000, 0x0000000800000000)
  region size 2048K, 2 young (4096K), 2 survivors (4096K)
 Metaspace       used 2923K, committed 3136K, reserved 1114112K
  class space    used 315K, committed 448K, reserved 1048576K
}
Event: 0.640 GC heap before
{Heap before GC invocations=1 (full 0):
 garbage-first heap   total 247808K, used 43538K [0x0000000713000000, 0x0000000800000000)
  region size 2048K, 18 young (36864K), 2 survivors (4096K)
 Metaspace       used 9701K, committed 9984K, reserved 1114112K
  class space    used 1202K, committed 1344K, reserved 1048576K
}
Event: 0.642 GC heap after
{Heap after GC invocations=2 (full 0):
 garbage-first heap   total 247808K, used 13265K [0x0000000713000000, 0x0000000800000000)
  region size 2048K, 1 young (2048K), 1 survivors (2048K)
 Metaspace       used 9701K, committed 9984K, reserved 1114112K
  class space    used 1202K, committed 1344K, reserved 1048576K
}
Event: 1.246 GC heap before
{Heap before GC invocations=2 (full 0):
 garbage-first heap   total 247808K, used 156625K [0x0000000713000000, 0x0000000800000000)
  region size 2048K, 71 young (145408K), 1 survivors (2048K)
 Metaspace       used 16615K, committed 16896K, reserved 1114112K
  class space    used 1984K, committed 2112K, reserved 1048576K
}
Event: 1.255 GC heap after
{Heap after GC invocations=3 (full 0):
 garbage-first heap   total 247808K, used 33549K [0x0000000713000000, 0x0000000800000000)
  region size 2048K, 9 young (18432K), 9 survivors (18432K)
 Metaspace       used 16615K, committed 16896K, reserved 1114112K
  class space    used 1984K, committed 2112K, reserved 1048576K
}

