<?xml version="1.0" encoding="UTF-8"?>
<testsuite xmlns:xsi="http://www.w3.org/2001/XMLSchema-instance" xsi:noNamespaceSchemaLocation="https://maven.apache.org/surefire/maven-failsafe-plugin/xsd/failsafe-test-report-3.0.xsd" version="3.0" name="com.example.it.GreetingServiceTest" time="19.892" tests="1" errors="0" skipped="0" failures="0">
  <properties>
[...]
</properties>
  <testcase name="should_create_greeting" classname="com.example.it.GreetingServiceTest" time="1.496">
    <system-out><![CDATA[[2022-11-29T21:48:19.172-0500] [] [&amp#27;[1;93mADVERTENCIA&amp#27;[0m] [] [&amp#27;[1;94mPayaraMicro&amp#27;[0m] [tid: _ThreadID=1 _ThreadName=main] [timeMillis: 1669776499172] [levelValue: 900] Payara Micro Runtime directory is located in a temporary file location which can be cleaned by system processes.

[2022-11-29T21:48:19.220-0500] [] [&amp#27;[1;92mINFORMACIÓN&amp#27;[0m] [] [&amp#27;[1;94mPayaraMicro&amp#27;[0m] [tid: _ThreadID=1 _ThreadName=main] [timeMillis: 1669776499220] [levelValue: 800] Payara Micro Runtime directory is located at /tmp/payaramicro-rt7176538544786643444tmp

[2022-11-29T21:48:19.243-0500] [] [&amp#27;[1;92mINFORMACIÓN&amp#27;[0m] [] [&amp#27;[1;94mfish.payara.micro.boot.runtime.PayaraMicroRuntimeBuilder&amp#27;[0m] [tid: _ThreadID=1 _ThreadName=main] [timeMillis: 1669776499243] [levelValue: 800] Built Payara Micro Runtime

[2022-11-29T21:48:21.454-0500] [] [&amp#27;[1;92mINFORMACIÓN&amp#27;[0m] [] [&amp#27;[1;94mfish.payara.boot.runtime.BootCommand&amp#27;[0m] [tid: _ThreadID=1 _ThreadName=main] [timeMillis: 1669776501454] [levelValue: 800] [[
  Boot Command set returned with result SUCCESS : PlainTextActionReporterSUCCESSDescription: set AdminCommandnull
    configs.config.server-config.network-config.network-listeners.network-listener.http-listener.port-range=8756,9756
]]

[2022-11-29T21:48:21.486-0500] [] [&amp#27;[1;92mINFORMACIÓN&amp#27;[0m] [] [&amp#27;[1;94mfish.payara.boot.runtime.BootCommand&amp#27;[0m] [tid: _ThreadID=1 _ThreadName=main] [timeMillis: 1669776501486] [levelValue: 800] [[
  Boot Command set returned with result SUCCESS : PlainTextActionReporterSUCCESSDescription: set AdminCommandnull
    configs.config.server-config.network-config.network-listeners.network-listener.http-listener.enabled=true
]]

[2022-11-29T21:48:21.549-0500] [] [&amp#27;[1;92mINFORMACIÓN&amp#27;[0m] [] [&amp#27;[1;94mfish.payara.boot.runtime.BootCommand&amp#27;[0m] [tid: _ThreadID=1 _ThreadName=main] [timeMillis: 1669776501549] [levelValue: 800] [[
  Boot Command set returned with result SUCCESS : PlainTextActionReporterSUCCESSDescription: set AdminCommandnull
    configs.config.server-config.hazelcast-config-specific-configuration.clustering-enabled=false
]]

[2022-11-29T21:48:22.957-0500] [] [&amp#27;[1;92mINFORMACIÓN&amp#27;[0m] [] [&amp#27;[1;94morg.glassfish.ha.store.spi.BackingStoreFactoryRegistry&amp#27;[0m] [tid: _ThreadID=32 _ThreadName=RunLevelControllerThread-1669776501569] [timeMillis: 1669776502957] [levelValue: 800] Registered fish.payara.ha.hazelcast.store.HazelcastBackingStoreFactoryProxy for persistence-type = hazelcast in BackingStoreFactoryRegistry

WARNING: An illegal reflective access operation has occurred
WARNING: Illegal reflective access by com.hazelcast.internal.metrics.metricsets.OperatingSystemMetricSet (file:/tmp/payaramicro-rt7176538544786643444tmp/runtime/hazelcast.jar) to method com.ibm.lang.management.internal.ExtendedOperatingSystemMXBeanImpl.getCommittedVirtualMemorySize()
WARNING: Please consider reporting this to the maintainers of com.hazelcast.internal.metrics.metricsets.OperatingSystemMetricSet
WARNING: Use --illegal-access=warn to enable warnings of further illegal reflective access operations
WARNING: All illegal access operations will be denied in a future release
[2022-11-29T21:48:26.138-0500] [] [&amp#27;[1;92mINFORMACIÓN&amp#27;[0m] [] [&amp#27;[1;94mfish.payara.nucleus.hazelcast.HazelcastCore&amp#27;[0m] [tid: _ThreadID=31 _ThreadName=RunLevelControllerThread-1669776501558] [timeMillis: 1669776506138] [levelValue: 800] Hazelcast Instance Bound to JNDI at payara/Hazelcast

[2022-11-29T21:48:26.139-0500] [] [&amp#27;[1;92mINFORMACIÓN&amp#27;[0m] [] [&amp#27;[1;94mfish.payara.nucleus.hazelcast.HazelcastCore&amp#27;[0m] [tid: _ThreadID=31 _ThreadName=RunLevelControllerThread-1669776501558] [timeMillis: 1669776506139] [levelValue: 800] JSR107 Caching Provider Bound to JNDI at payara/CachingProvider

[2022-11-29T21:48:26.139-0500] [] [&amp#27;[1;92mINFORMACIÓN&amp#27;[0m] [] [&amp#27;[1;94mfish.payara.nucleus.hazelcast.HazelcastCore&amp#27;[0m] [tid: _ThreadID=31 _ThreadName=RunLevelControllerThread-1669776501558] [timeMillis: 1669776506139] [levelValue: 800] JSR107 Default Cache Manager Bound to JNDI at payara/CacheManager

[2022-11-29T21:48:26.323-0500] [] [&amp#27;[1;92mINFORMACIÓN&amp#27;[0m] [NCLS-CORE-00101] [&amp#27;[1;94mjavax.enterprise.system.core&amp#27;[0m] [tid: _ThreadID=34 _ThreadName=RunLevelControllerThread-1669776501579] [timeMillis: 1669776506323] [levelValue: 800] Network Listener http-listener started in: 16ms - bound to [/0.0.0.0:8756]

[2022-11-29T21:48:26.325-0500] [] [&amp#27;[1;92mINFORMACIÓN&amp#27;[0m] [NCLS-CORE-00058] [&amp#27;[1;94mjavax.enterprise.system.core&amp#27;[0m] [tid: _ThreadID=34 _ThreadName=RunLevelControllerThread-1669776501579] [timeMillis: 1669776506325] [levelValue: 800] Network listener https-listener on port 8443 disabled per domain.xml

[2022-11-29T21:48:26.327-0500] [] [&amp#27;[1;92mINFORMACIÓN&amp#27;[0m] [NCLS-CORE-00087] [&amp#27;[1;94mjavax.enterprise.system.core&amp#27;[0m] [tid: _ThreadID=34 _ThreadName=RunLevelControllerThread-1669776501579] [timeMillis: 1669776506327] [levelValue: 800] Grizzly 4.0.0 started in: 4,086ms - bound to [http-listener:8756]

[2022-11-29T21:48:26.510-0500] [] [&amp#27;[1;92mINFORMACIÓN&amp#27;[0m] [NCLS-CORE-00017] [&amp#27;[1;94mjavax.enterprise.system.core&amp#27;[0m] [tid: _ThreadID=1 _ThreadName=main] [timeMillis: 1669776506510] [levelValue: 800] Payara Micro  6.2022.1 #badassmicrofish (878) startup time : Embedded (2,303ms), startup services(4,959ms), total(7,262ms)

[2022-11-29T21:48:26.510-0500] [] [&amp#27;[1;92mINFORMACIÓN&amp#27;[0m] [] [&amp#27;[1;94mfish.payara.nucleus.cluster.PayaraCluster&amp#27;[0m] [tid: _ThreadID=84 _ThreadName=Executor-Service-6] [timeMillis: 1669776506510] [levelValue: 800] [[
  Data Grid Status 
Payara Data Grid State: DG Version: 5 DG Name: development DG Size: 1
Instances: {
 DataGrid: development Name: Odd-Turbot Lite: false This: true UUID: a5744bf0-9bf0-4363-b54f-b2cf6eba50a8 Address: /192.168.1.130:6900
}]]

[2022-11-29T21:48:26.731-0500] [] [&amp#27;[1;92mINFORMACIÓN&amp#27;[0m] [NCLS-JMX-00006] [&amp#27;[1;94mjavax.enterprise.system.jmx&amp#27;[0m] [tid: _ThreadID=98 _ThreadName=Thread-10] [timeMillis: 1669776506731] [levelValue: 800] JMXStartupService has disabled JMXConnector system

[2022-11-29T21:48:27.958-0500] [] [&amp#27;[1;92mINFORMACIÓN&amp#27;[0m] [NCLS-SECURITY-01002] [&amp#27;[1;94mjavax.enterprise.system.core.security&amp#27;[0m] [tid: _ThreadID=1 _ThreadName=main] [timeMillis: 1669776507958] [levelValue: 800] Java security manager is disabled.

[2022-11-29T21:48:27.959-0500] [] [&amp#27;[1;92mINFORMACIÓN&amp#27;[0m] [NCLS-SECURITY-01010] [&amp#27;[1;94mjavax.enterprise.system.core.security&amp#27;[0m] [tid: _ThreadID=1 _ThreadName=main] [timeMillis: 1669776507959] [levelValue: 800] Entering Security Startup Service.

[2022-11-29T21:48:27.962-0500] [] [&amp#27;[1;92mINFORMACIÓN&amp#27;[0m] [NCLS-SECURITY-01143] [&amp#27;[1;94mjavax.enterprise.system.core.security&amp#27;[0m] [tid: _ThreadID=1 _ThreadName=main] [timeMillis: 1669776507962] [levelValue: 800] Loading policy provider fish.payara.security.jacc.provider.PolicyProviderImpl.

[2022-11-29T21:48:28.006-0500] [] [&amp#27;[1;92mINFORMACIÓN&amp#27;[0m] [NCLS-SECURITY-01011] [&amp#27;[1;94mjavax.enterprise.system.core.security&amp#27;[0m] [tid: _ThreadID=1 _ThreadName=main] [timeMillis: 1669776508006] [levelValue: 800] Security Service(s) started successfully.

[2022-11-29T21:48:28.593-0500] [] [&amp#27;[1;92mINFORMACIÓN&amp#27;[0m] [AS-WEB-GLUE-00198] [&amp#27;[1;94mjakarta.enterprise.web&amp#27;[0m] [tid: _ThreadID=1 _ThreadName=main] [timeMillis: 1669776508593] [levelValue: 800] Created HTTP listener http-listener on host/port 0.0.0.0:8756

[2022-11-29T21:48:28.635-0500] [] [&amp#27;[1;92mINFORMACIÓN&amp#27;[0m] [AS-WEB-GLUE-00200] [&amp#27;[1;94mjakarta.enterprise.web&amp#27;[0m] [tid: _ThreadID=1 _ThreadName=main] [timeMillis: 1669776508635] [levelValue: 800] Created virtual server server

[2022-11-29T21:48:29.279-0500] [] [&amp#27;[1;92mINFORMACIÓN&amp#27;[0m] [AS-WEB-GLUE-00201] [&amp#27;[1;94mjakarta.enterprise.web&amp#27;[0m] [tid: _ThreadID=1 _ThreadName=main] [timeMillis: 1669776509279] [levelValue: 800] Virtual server server loaded default web module 

[2022-11-29T21:48:31.256-0500] [] [&amp#27;[1;92mINFO&amp#27;[0m] [] [&amp#27;[1;94morg.jboss.weld.Version&amp#27;[0m] [tid: _ThreadID=1 _ThreadName=main] [timeMillis: 1669776511256] [levelValue: 800] WELD-000900: 5.0.1 (Final)

[2022-11-29T21:48:33.571-0500] [] [&amp#27;[1;92mINFORMACIÓN&amp#27;[0m] [] [&amp#27;[1;94mfish.payara.micro.cdi.extension.ClusteredCDIEventBusImpl&amp#27;[0m] [tid: _ThreadID=1 _ThreadName=main] [timeMillis: 1669776513571] [levelValue: 800] Clustered CDI Event bus initialized

[2022-11-29T21:48:33.784-0500] [] [&amp#27;[1;92mINFORMACIÓN&amp#27;[0m] [] [&amp#27;[1;94mjavax.enterprise.system.core&amp#27;[0m] [tid: _ThreadID=1 _ThreadName=main] [timeMillis: 1669776513784] [levelValue: 800] test-c6365b7c-fd9e-4555-8446-4f01097e5900 was successfully deployed in 6,778 milliseconds.

[2022-11-29T21:48:33.788-0500] [] [&amp#27;[1;92mINFORMACIÓN&amp#27;[0m] [] [&amp#27;[1;94mPayaraMicro&amp#27;[0m] [tid: _ThreadID=1 _ThreadName=main] [timeMillis: 1669776513788] [levelValue: 800] Deployed 1 archive(s)

[2022-11-29T21:48:33.801-0500] [] [&amp#27;[1;92mINFORMACIÓN&amp#27;[0m] [AS-WEB-GLUE-00130] [&amp#27;[1;94mjakarta.enterprise.web&amp#27;[0m] [tid: _ThreadID=1 _ThreadName=main] [timeMillis: 1669776513801] [levelValue: 800] Invalid Session Management Configuration for non-distributable app [test-c6365b7c-fd9e-4555-8446-4f01097e5900] - defaulting to memory: persistence-type = [hazelcast] / persistenceFrequency = [web-method] / persistenceScope = [modified-session]

[2022-11-29T21:48:33.943-0500] [] [&amp#27;[1;92mINFORMACIÓN&amp#27;[0m] [] [&amp#27;[1;94morg.glassfish.soteria.servlet.SamRegistrationInstaller&amp#27;[0m] [tid: _ThreadID=1 _ThreadName=main] [timeMillis: 1669776513943] [levelValue: 800] Initializing Soteria 3.0.0 for context '/test-c6365b7c-fd9e-4555-8446-4f01097e5900'

[2022-11-29T21:48:33.990-0500] [] [&amp#27;[1;92mINFORMACIÓN&amp#27;[0m] [AS-WEB-GLUE-00172] [&amp#27;[1;94mjakarta.enterprise.web&amp#27;[0m] [tid: _ThreadID=1 _ThreadName=main] [timeMillis: 1669776513990] [levelValue: 800] Loading application [test-c6365b7c-fd9e-4555-8446-4f01097e5900] at [/test-c6365b7c-fd9e-4555-8446-4f01097e5900]

[2022-11-29T21:48:34.022-0500] [] [&amp#27;[1;92mINFORMACIÓN&amp#27;[0m] [] [&amp#27;[1;94mPayaraMicro&amp#27;[0m] [tid: _ThreadID=1 _ThreadName=main] [timeMillis: 1669776514022] [levelValue: 800] [[
  {
    "Instance Configuration": {
        "Host": "avbravo.lan",
        "Http Port(s)": "8756",
        "Https Port(s)": "",
        "Instance Name": "Odd-Turbot",
        "Instance Group": "MicroShoal",
        "Hazelcast Member UUID": "a5744bf0-9bf0-4363-b54f-b2cf6eba50a8",
        "Deployed": [
            {
                "Name": "test-c6365b7c-fd9e-4555-8446-4f01097e5900",
                "Type": "war",
                "Context Root": "/test-c6365b7c-fd9e-4555-8446-4f01097e5900",
                "Mappings": {
                    "*.jspx": "jsp",
                    "/ArquillianServletRunnerEE9": "ArquillianServletRunnerEE9",
                    "*.jsp": "jsp",
                    "/": "default"
                }
            }
        ]
    }
}]]

[2022-11-29T21:48:34.029-0500] [] [&amp#27;[1;92mINFORMACIÓN&amp#27;[0m] [] [&amp#27;[1;94mPayaraMicro&amp#27;[0m] [tid: _ThreadID=1 _ThreadName=main] [timeMillis: 1669776514029] [levelValue: 800] [[
  
Payara Micro URLs:
http://avbravo.lan:8756/test-c6365b7c-fd9e-4555-8446-4f01097e5900

]]

[2022-11-29T21:48:34.029-0500] [] [&amp#27;[1;92mINFORMACIÓN&amp#27;[0m] [] [&amp#27;[1;94mPayaraMicro&amp#27;[0m] [tid: _ThreadID=1 _ThreadName=main] [timeMillis: 1669776514029] [levelValue: 800] Payara Micro  6.2022.1 #badassmicrofish (build 878) ready in 14,945 (ms)

[2022-11-29T21:48:35.657-0500] [] [&amp#27;[1;92mINFORMACIÓN&amp#27;[0m] [] [&amp#27;[1;94mcom.example.it.GreetingServiceTest&amp#27;[0m] [tid: _ThreadID=87 _ThreadName=http-thread-pool::http-listener(2)] [timeMillis: 1669776515657] [levelValue: 800]  Running test:: GreetingServiceTest#should_create_greeting ... 

]]></system-out>
    <system-err><![CDATA[nov. 29, 2022 9:48:17 P. M. fish.payara.arquillian.container.payara.managed.PayaraMicroDeployableContainer deploy
INFORMACIÓN: Starting Payara Micro using cmd: [/usr/local/jdk-11.0.9+11/bin/java, -jar, /home/avbravo/NetBeansProjects/j/jmoordb-corebookexamples/jakartaee9-starter-boilerplate/target/payara-micro.jar, --deploy, /tmp/arquillian-payara-micro16366557713401779975/deployments/test-c6365b7c-fd9e-4555-8446-4f01097e5900.war, --port, 8756, --autoBindHttp, --autoBindRange, 1000, --nocluster, --showServletMappings]
nov. 29, 2022 9:48:34 P. M. fish.payara.arquillian.container.payara.managed.PayaraMicroDeployableContainer deploy
INFORMACIÓN: Payara Micro running on host: avbravo.lan port: 8756
nov. 29, 2022 9:48:34 P. M. fish.payara.arquillian.container.payara.managed.PayaraMicroDeployableContainer printApplicationFound
INFORMACIÓN: Deployed application detected. Name: "test-c6365b7c-fd9e-4555-8446-4f01097e5900".
nov. 29, 2022 9:48:34 P. M. fish.payara.arquillian.container.payara.managed.PayaraMicroDeployableContainer printServletFound
INFORMACIÓN: 		Servlet found. Name: "jsp".
nov. 29, 2022 9:48:34 P. M. fish.payara.arquillian.container.payara.managed.PayaraMicroDeployableContainer printServletFound
INFORMACIÓN: 		Servlet found. Name: "ArquillianServletRunnerEE9".
nov. 29, 2022 9:48:34 P. M. fish.payara.arquillian.container.payara.managed.PayaraMicroDeployableContainer printServletFound
INFORMACIÓN: 		Servlet found. Name: "jsp".
nov. 29, 2022 9:48:34 P. M. fish.payara.arquillian.container.payara.managed.PayaraMicroDeployableContainer printServletFound
INFORMACIÓN: 		Servlet found. Name: "default".
]]></system-err>
  </testcase>
</testsuite>