<?xml version="1.0" encoding="UTF-8"?>
<testsuite xmlns:xsi="http://www.w3.org/2001/XMLSchema-instance" xsi:noNamespaceSchemaLocation="https://maven.apache.org/surefire/maven-failsafe-plugin/xsd/failsafe-test-report-3.0.xsd" version="3.0" name="com.example.it.GreetingServiceTest" time="8.155" tests="1" errors="0" skipped="0" failures="0">
  <properties>
[...]
</properties>
  <testcase name="should_create_greeting" classname="com.example.it.GreetingServiceTest" time="0.387">
    <system-out><![CDATA[[2022-11-30T16:00:08.133-0500] [] [&amp#27;[1;93mADVERTENCIA&amp#27;[0m] [] [&amp#27;[1;94mPayaraMicro&amp#27;[0m] [tid: _ThreadID=1 _ThreadName=main] [timeMillis: 1669842008133] [levelValue: 900] Payara Micro Runtime directory is located in a temporary file location which can be cleaned by system processes.

[2022-11-30T16:00:08.147-0500] [] [&amp#27;[1;92mINFORMACIÓN&amp#27;[0m] [] [&amp#27;[1;94mPayaraMicro&amp#27;[0m] [tid: _ThreadID=1 _ThreadName=main] [timeMillis: 1669842008147] [levelValue: 800] Payara Micro Runtime directory is located at /tmp/payaramicro-rt10821220785915508308tmp

[2022-11-30T16:00:08.154-0500] [] [&amp#27;[1;92mINFORMACIÓN&amp#27;[0m] [] [&amp#27;[1;94mfish.payara.micro.boot.runtime.PayaraMicroRuntimeBuilder&amp#27;[0m] [tid: _ThreadID=1 _ThreadName=main] [timeMillis: 1669842008154] [levelValue: 800] Built Payara Micro Runtime

[2022-11-30T16:00:08.999-0500] [] [&amp#27;[1;92mINFORMACIÓN&amp#27;[0m] [] [&amp#27;[1;94mfish.payara.boot.runtime.BootCommand&amp#27;[0m] [tid: _ThreadID=1 _ThreadName=main] [timeMillis: 1669842008999] [levelValue: 800] [[
  Boot Command set returned with result SUCCESS : PlainTextActionReporterSUCCESSDescription: set AdminCommandnull
    configs.config.server-config.network-config.network-listeners.network-listener.http-listener.port-range=8564,9564
]]

[2022-11-30T16:00:09.006-0500] [] [&amp#27;[1;92mINFORMACIÓN&amp#27;[0m] [] [&amp#27;[1;94mfish.payara.boot.runtime.BootCommand&amp#27;[0m] [tid: _ThreadID=1 _ThreadName=main] [timeMillis: 1669842009006] [levelValue: 800] [[
  Boot Command set returned with result SUCCESS : PlainTextActionReporterSUCCESSDescription: set AdminCommandnull
    configs.config.server-config.network-config.network-listeners.network-listener.http-listener.enabled=true
]]

[2022-11-30T16:00:09.024-0500] [] [&amp#27;[1;92mINFORMACIÓN&amp#27;[0m] [] [&amp#27;[1;94mfish.payara.boot.runtime.BootCommand&amp#27;[0m] [tid: _ThreadID=1 _ThreadName=main] [timeMillis: 1669842009024] [levelValue: 800] [[
  Boot Command set returned with result SUCCESS : PlainTextActionReporterSUCCESSDescription: set AdminCommandnull
    configs.config.server-config.hazelcast-config-specific-configuration.clustering-enabled=false
]]

[2022-11-30T16:00:09.589-0500] [] [&amp#27;[1;92mINFORMACIÓN&amp#27;[0m] [] [&amp#27;[1;94morg.glassfish.ha.store.spi.BackingStoreFactoryRegistry&amp#27;[0m] [tid: _ThreadID=38 _ThreadName=RunLevelControllerThread-1669842009031] [timeMillis: 1669842009589] [levelValue: 800] Registered fish.payara.ha.hazelcast.store.HazelcastBackingStoreFactoryProxy for persistence-type = hazelcast in BackingStoreFactoryRegistry

WARNING: An illegal reflective access operation has occurred
WARNING: Illegal reflective access by com.hazelcast.internal.metrics.metricsets.OperatingSystemMetricSet (file:/tmp/payaramicro-rt10821220785915508308tmp/runtime/hazelcast.jar) to method com.ibm.lang.management.internal.ExtendedOperatingSystemMXBeanImpl.getCommittedVirtualMemorySize()
WARNING: Please consider reporting this to the maintainers of com.hazelcast.internal.metrics.metricsets.OperatingSystemMetricSet
WARNING: Use --illegal-access=warn to enable warnings of further illegal reflective access operations
WARNING: All illegal access operations will be denied in a future release
[2022-11-30T16:00:11.462-0500] [] [&amp#27;[1;92mINFORMACIÓN&amp#27;[0m] [] [&amp#27;[1;94mfish.payara.nucleus.hazelcast.HazelcastCore&amp#27;[0m] [tid: _ThreadID=36 _ThreadName=RunLevelControllerThread-1669842009028] [timeMillis: 1669842011462] [levelValue: 800] Hazelcast Instance Bound to JNDI at payara/Hazelcast

[2022-11-30T16:00:11.462-0500] [] [&amp#27;[1;92mINFORMACIÓN&amp#27;[0m] [] [&amp#27;[1;94mfish.payara.nucleus.hazelcast.HazelcastCore&amp#27;[0m] [tid: _ThreadID=36 _ThreadName=RunLevelControllerThread-1669842009028] [timeMillis: 1669842011462] [levelValue: 800] JSR107 Caching Provider Bound to JNDI at payara/CachingProvider

[2022-11-30T16:00:11.462-0500] [] [&amp#27;[1;92mINFORMACIÓN&amp#27;[0m] [] [&amp#27;[1;94mfish.payara.nucleus.hazelcast.HazelcastCore&amp#27;[0m] [tid: _ThreadID=36 _ThreadName=RunLevelControllerThread-1669842009028] [timeMillis: 1669842011462] [levelValue: 800] JSR107 Default Cache Manager Bound to JNDI at payara/CacheManager

[2022-11-30T16:00:11.527-0500] [] [&amp#27;[1;92mINFORMACIÓN&amp#27;[0m] [NCLS-CORE-00101] [&amp#27;[1;94mjavax.enterprise.system.core&amp#27;[0m] [tid: _ThreadID=35 _ThreadName=RunLevelControllerThread-1669842009027] [timeMillis: 1669842011527] [levelValue: 800] Network Listener http-listener started in: 3ms - bound to [/0.0.0.0:8564]

[2022-11-30T16:00:11.527-0500] [] [&amp#27;[1;92mINFORMACIÓN&amp#27;[0m] [NCLS-CORE-00058] [&amp#27;[1;94mjavax.enterprise.system.core&amp#27;[0m] [tid: _ThreadID=35 _ThreadName=RunLevelControllerThread-1669842009027] [timeMillis: 1669842011527] [levelValue: 800] Network listener https-listener on port 8443 disabled per domain.xml

[2022-11-30T16:00:11.528-0500] [] [&amp#27;[1;92mINFORMACIÓN&amp#27;[0m] [NCLS-CORE-00087] [&amp#27;[1;94mjavax.enterprise.system.core&amp#27;[0m] [tid: _ThreadID=35 _ThreadName=RunLevelControllerThread-1669842009027] [timeMillis: 1669842011528] [levelValue: 800] Grizzly 4.0.0 started in: 2,159ms - bound to [http-listener:8564]

[2022-11-30T16:00:11.594-0500] [] [&amp#27;[1;92mINFORMACIÓN&amp#27;[0m] [NCLS-CORE-00017] [&amp#27;[1;94mjavax.enterprise.system.core&amp#27;[0m] [tid: _ThreadID=1 _ThreadName=main] [timeMillis: 1669842011594] [levelValue: 800] Payara Micro  6.2022.1 #badassmicrofish (878) startup time : Embedded (869ms), startup services(2,568ms), total(3,437ms)

[2022-11-30T16:00:11.594-0500] [] [&amp#27;[1;92mINFORMACIÓN&amp#27;[0m] [] [&amp#27;[1;94mfish.payara.nucleus.cluster.PayaraCluster&amp#27;[0m] [tid: _ThreadID=89 _ThreadName=Executor-Service-1] [timeMillis: 1669842011594] [levelValue: 800] [[
  Data Grid Status 
Payara Data Grid State: DG Version: 5 DG Name: development DG Size: 1
Instances: {
 DataGrid: development Name: Super-Lionfish Lite: false This: true UUID: 78709fb1-2ac0-40ce-9509-651461f41f2f Address: /192.168.60.243:6900
}]]

[2022-11-30T16:00:11.654-0500] [] [&amp#27;[1;92mINFORMACIÓN&amp#27;[0m] [NCLS-JMX-00006] [&amp#27;[1;94mjavax.enterprise.system.jmx&amp#27;[0m] [tid: _ThreadID=103 _ThreadName=Thread-10] [timeMillis: 1669842011654] [levelValue: 800] JMXStartupService has disabled JMXConnector system

[2022-11-30T16:00:12.181-0500] [] [&amp#27;[1;92mINFORMACIÓN&amp#27;[0m] [NCLS-SECURITY-01002] [&amp#27;[1;94mjavax.enterprise.system.core.security&amp#27;[0m] [tid: _ThreadID=1 _ThreadName=main] [timeMillis: 1669842012181] [levelValue: 800] Java security manager is disabled.

[2022-11-30T16:00:12.181-0500] [] [&amp#27;[1;92mINFORMACIÓN&amp#27;[0m] [NCLS-SECURITY-01010] [&amp#27;[1;94mjavax.enterprise.system.core.security&amp#27;[0m] [tid: _ThreadID=1 _ThreadName=main] [timeMillis: 1669842012181] [levelValue: 800] Entering Security Startup Service.

[2022-11-30T16:00:12.183-0500] [] [&amp#27;[1;92mINFORMACIÓN&amp#27;[0m] [NCLS-SECURITY-01143] [&amp#27;[1;94mjavax.enterprise.system.core.security&amp#27;[0m] [tid: _ThreadID=1 _ThreadName=main] [timeMillis: 1669842012183] [levelValue: 800] Loading policy provider fish.payara.security.jacc.provider.PolicyProviderImpl.

[2022-11-30T16:00:12.201-0500] [] [&amp#27;[1;92mINFORMACIÓN&amp#27;[0m] [NCLS-SECURITY-01011] [&amp#27;[1;94mjavax.enterprise.system.core.security&amp#27;[0m] [tid: _ThreadID=1 _ThreadName=main] [timeMillis: 1669842012201] [levelValue: 800] Security Service(s) started successfully.

[2022-11-30T16:00:12.429-0500] [] [&amp#27;[1;92mINFORMACIÓN&amp#27;[0m] [AS-WEB-GLUE-00198] [&amp#27;[1;94mjakarta.enterprise.web&amp#27;[0m] [tid: _ThreadID=1 _ThreadName=main] [timeMillis: 1669842012429] [levelValue: 800] Created HTTP listener http-listener on host/port 0.0.0.0:8564

[2022-11-30T16:00:12.444-0500] [] [&amp#27;[1;92mINFORMACIÓN&amp#27;[0m] [AS-WEB-GLUE-00200] [&amp#27;[1;94mjakarta.enterprise.web&amp#27;[0m] [tid: _ThreadID=1 _ThreadName=main] [timeMillis: 1669842012444] [levelValue: 800] Created virtual server server

[2022-11-30T16:00:12.705-0500] [] [&amp#27;[1;92mINFORMACIÓN&amp#27;[0m] [AS-WEB-GLUE-00201] [&amp#27;[1;94mjakarta.enterprise.web&amp#27;[0m] [tid: _ThreadID=1 _ThreadName=main] [timeMillis: 1669842012705] [levelValue: 800] Virtual server server loaded default web module 

[2022-11-30T16:00:13.439-0500] [] [&amp#27;[1;92mINFO&amp#27;[0m] [] [&amp#27;[1;94morg.jboss.weld.Version&amp#27;[0m] [tid: _ThreadID=1 _ThreadName=main] [timeMillis: 1669842013439] [levelValue: 800] WELD-000900: 5.0.1 (Final)

[2022-11-30T16:00:14.393-0500] [] [&amp#27;[1;92mINFORMACIÓN&amp#27;[0m] [] [&amp#27;[1;94mfish.payara.micro.cdi.extension.ClusteredCDIEventBusImpl&amp#27;[0m] [tid: _ThreadID=1 _ThreadName=main] [timeMillis: 1669842014393] [levelValue: 800] Clustered CDI Event bus initialized

[2022-11-30T16:00:14.463-0500] [] [&amp#27;[1;92mINFORMACIÓN&amp#27;[0m] [] [&amp#27;[1;94mjavax.enterprise.system.core&amp#27;[0m] [tid: _ThreadID=1 _ThreadName=main] [timeMillis: 1669842014463] [levelValue: 800] test-591d051c-371b-4c8b-907d-5e296c37e2d3 was successfully deployed in 2,703 milliseconds.

[2022-11-30T16:00:14.464-0500] [] [&amp#27;[1;92mINFORMACIÓN&amp#27;[0m] [] [&amp#27;[1;94mPayaraMicro&amp#27;[0m] [tid: _ThreadID=1 _ThreadName=main] [timeMillis: 1669842014464] [levelValue: 800] Deployed 1 archive(s)

[2022-11-30T16:00:14.469-0500] [] [&amp#27;[1;92mINFORMACIÓN&amp#27;[0m] [AS-WEB-GLUE-00130] [&amp#27;[1;94mjakarta.enterprise.web&amp#27;[0m] [tid: _ThreadID=1 _ThreadName=main] [timeMillis: 1669842014469] [levelValue: 800] Invalid Session Management Configuration for non-distributable app [test-591d051c-371b-4c8b-907d-5e296c37e2d3] - defaulting to memory: persistence-type = [hazelcast] / persistenceFrequency = [web-method] / persistenceScope = [modified-session]

[2022-11-30T16:00:14.502-0500] [] [&amp#27;[1;92mINFORMACIÓN&amp#27;[0m] [] [&amp#27;[1;94morg.glassfish.soteria.servlet.SamRegistrationInstaller&amp#27;[0m] [tid: _ThreadID=1 _ThreadName=main] [timeMillis: 1669842014502] [levelValue: 800] Initializing Soteria 3.0.0 for context '/test-591d051c-371b-4c8b-907d-5e296c37e2d3'

[2022-11-30T16:00:14.522-0500] [] [&amp#27;[1;92mINFORMACIÓN&amp#27;[0m] [AS-WEB-GLUE-00172] [&amp#27;[1;94mjakarta.enterprise.web&amp#27;[0m] [tid: _ThreadID=1 _ThreadName=main] [timeMillis: 1669842014522] [levelValue: 800] Loading application [test-591d051c-371b-4c8b-907d-5e296c37e2d3] at [/test-591d051c-371b-4c8b-907d-5e296c37e2d3]

[2022-11-30T16:00:14.540-0500] [] [&amp#27;[1;92mINFORMACIÓN&amp#27;[0m] [] [&amp#27;[1;94mPayaraMicro&amp#27;[0m] [tid: _ThreadID=1 _ThreadName=main] [timeMillis: 1669842014540] [levelValue: 800] [[
  {
    "Instance Configuration": {
        "Host": "192.168.60.243",
        "Http Port(s)": "8564",
        "Https Port(s)": "",
        "Instance Name": "Super-Lionfish",
        "Instance Group": "MicroShoal",
        "Hazelcast Member UUID": "78709fb1-2ac0-40ce-9509-651461f41f2f",
        "Deployed": [
            {
                "Name": "test-591d051c-371b-4c8b-907d-5e296c37e2d3",
                "Type": "war",
                "Context Root": "/test-591d051c-371b-4c8b-907d-5e296c37e2d3",
                "Mappings": {
                    "*.jspx": "jsp",
                    "/ArquillianServletRunnerEE9": "ArquillianServletRunnerEE9",
                    "*.jsp": "jsp",
                    "/": "default"
                }
            }
        ]
    }
}]]

[2022-11-30T16:00:14.542-0500] [] [&amp#27;[1;92mINFORMACIÓN&amp#27;[0m] [] [&amp#27;[1;94mPayaraMicro&amp#27;[0m] [tid: _ThreadID=1 _ThreadName=main] [timeMillis: 1669842014542] [levelValue: 800] [[
  
Payara Micro URLs:
http://192.168.60.243:8564/test-591d051c-371b-4c8b-907d-5e296c37e2d3

]]

[2022-11-30T16:00:14.542-0500] [] [&amp#27;[1;92mINFORMACIÓN&amp#27;[0m] [] [&amp#27;[1;94mPayaraMicro&amp#27;[0m] [tid: _ThreadID=1 _ThreadName=main] [timeMillis: 1669842014542] [levelValue: 800] Payara Micro  6.2022.1 #badassmicrofish (build 878) ready in 6,434 (ms)

[2022-11-30T16:00:14.977-0500] [] [&amp#27;[1;92mINFORMACIÓN&amp#27;[0m] [] [&amp#27;[1;94mcom.example.it.GreetingServiceTest&amp#27;[0m] [tid: _ThreadID=93 _ThreadName=http-thread-pool::http-listener(1)] [timeMillis: 1669842014977] [levelValue: 800]  Running test:: GreetingServiceTest#should_create_greeting ... 

]]></system-out>
    <system-err><![CDATA[nov. 30, 2022 4:00:07 P. M. fish.payara.arquillian.container.payara.managed.PayaraMicroDeployableContainer deploy
INFORMACIÓN: Starting Payara Micro using cmd: [/usr/local/jdk-11.0.9+11/bin/java, -jar, /home/avbravo/NetBeansProjects/j/jmoordb-corebookexamples/jmoordb-corebookexamples/backup/target/payara-micro.jar, --deploy, /tmp/arquillian-payara-micro8098762793291934501/deployments/test-591d051c-371b-4c8b-907d-5e296c37e2d3.war, --port, 8564, --autoBindHttp, --autoBindRange, 1000, --nocluster, --showServletMappings]
nov. 30, 2022 4:00:14 P. M. fish.payara.arquillian.container.payara.managed.PayaraMicroDeployableContainer deploy
INFORMACIÓN: Payara Micro running on host: 192.168.60.243 port: 8564
nov. 30, 2022 4:00:14 P. M. fish.payara.arquillian.container.payara.managed.PayaraMicroDeployableContainer printApplicationFound
INFORMACIÓN: Deployed application detected. Name: "test-591d051c-371b-4c8b-907d-5e296c37e2d3".
nov. 30, 2022 4:00:14 P. M. fish.payara.arquillian.container.payara.managed.PayaraMicroDeployableContainer printServletFound
INFORMACIÓN: 		Servlet found. Name: "jsp".
nov. 30, 2022 4:00:14 P. M. fish.payara.arquillian.container.payara.managed.PayaraMicroDeployableContainer printServletFound
INFORMACIÓN: 		Servlet found. Name: "ArquillianServletRunnerEE9".
nov. 30, 2022 4:00:14 P. M. fish.payara.arquillian.container.payara.managed.PayaraMicroDeployableContainer printServletFound
INFORMACIÓN: 		Servlet found. Name: "jsp".
nov. 30, 2022 4:00:14 P. M. fish.payara.arquillian.container.payara.managed.PayaraMicroDeployableContainer printServletFound
INFORMACIÓN: 		Servlet found. Name: "default".
]]></system-err>
  </testcase>
</testsuite>